# JRE version: OpenJDK Runtime Environment (8.0_242) (build 1.8.0_242-release-1644-b3-6222593)
# Java VM: OpenJDK 64-Bit Server VM (25.242-b3-6222593 mixed mode linux-amd64 compressed oops)
Heap:
 PSYoungGen      total 442368K, used 91233K [0x00000000d5580000, 0x00000000ff000000, 0x0000000100000000)
  eden space 427520K, 17% used [0x00000000d5580000,0x00000000da055b48,0x00000000ef700000)
  from space 14848K, 98% used [0x00000000ef700000,0x00000000f0542b18,0x00000000f0580000)
  to   space 127488K, 0% used [0x00000000f7380000,0x00000000f7380000,0x00000000ff000000)
 ParOldGen       total 412160K, used 238372K [0x0000000080000000, 0x0000000099280000, 0x00000000d5580000)
  object space 412160K, 57% used [0x0000000080000000,0x000000008e8c9040,0x0000000099280000)
 Metaspace       used 114231K, capacity 122858K, committed 128168K, reserved 1161216K
  class space    used 14330K, capacity 15772K, committed 16560K, reserved 1048576K
GC Heap History (10 events):
Event: 9368,879 GC heap before
{Heap before GC invocations=105 (full 7):
 PSYoungGen      total 564224K, used 460362K [0x00000000d5580000, 0x00000000ffb80000, 0x0000000100000000)
  eden space 441856K, 100% used [0x00000000d5580000,0x00000000f0500000,0x00000000f0500000)
  from space 122368K, 15% used [0x00000000f0500000,0x00000000f1712858,0x00000000f7c80000)
  to   space 116224K, 0% used [0x00000000f8a00000,0x00000000f8a00000,0x00000000ffb80000)
 ParOldGen       total 415232K, used 322028K [0x0000000080000000, 0x0000000099580000, 0x00000000d5580000)
  object space 415232K, 77% used [0x0000000080000000,0x0000000093a7b048,0x0000000099580000)
 Metaspace       used 118704K, capacity 127912K, committed 128168K, reserved 1161216K
  class space    used 14941K, capacity 16514K, committed 16560K, reserved 1048576K
Event: 9369,046 GC heap after
Heap after GC invocations=105 (full 7):
 PSYoungGen      total 544768K, used 106502K [0x00000000d5580000, 0x0000000100000000, 0x0000000100000000)
  eden space 428544K, 0% used [0x00000000d5580000,0x00000000d5580000,0x00000000ef800000)
  from space 116224K, 91% used [0x00000000f8a00000,0x00000000ff201880,0x00000000ffb80000)
  to   space 135168K, 0% used [0x00000000ef800000,0x00000000ef800000,0x00000000f7c00000)
 ParOldGen       total 415232K, used 333412K [0x0000000080000000, 0x0000000099580000, 0x00000000d5580000)
  object space 415232K, 80% used [0x0000000080000000,0x0000000094599158,0x0000000099580000)
 Metaspace       used 118704K, capacity 127912K, committed 128168K, reserved 1161216K
  class space    used 14941K, capacity 16514K, committed 16560K, reserved 1048576K
}
Event: 9370,792 GC heap before
{Heap before GC invocations=106 (full 7):
 PSYoungGen      total 544768K, used 535046K [0x00000000d5580000, 0x0000000100000000, 0x0000000100000000)
  eden space 428544K, 100% used [0x00000000d5580000,0x00000000ef800000,0x00000000ef800000)
  from space 116224K, 91% used [0x00000000f8a00000,0x00000000ff201880,0x00000000ffb80000)
  to   space 135168K, 0% used [0x00000000ef800000,0x00000000ef800000,0x00000000f7c00000)
 ParOldGen       total 415232K, used 333412K [0x0000000080000000, 0x0000000099580000, 0x00000000d5580000)
  object space 415232K, 80% used [0x0000000080000000,0x0000000094599158,0x0000000099580000)
 Metaspace       used 118718K, capacity 127912K, committed 128168K, reserved 1161216K
  class space    used 14941K, capacity 16514K, committed 16560K, reserved 1048576K
Event: 9371,019 GC heap after
Heap after GC invocations=106 (full 7):
 PSYoungGen      total 508928K, used 80170K [0x00000000d5580000, 0x0000000100000000, 0x0000000100000000)
  eden space 428544K, 0% used [0x00000000d5580000,0x00000000d5580000,0x00000000ef800000)
  from space 80384K, 99% used [0x00000000ef800000,0x00000000f464ab78,0x00000000f4680000)
  to   space 140288K, 0% used [0x00000000f7700000,0x00000000f7700000,0x0000000100000000)
 ParOldGen       total 415232K, used 405766K [0x0000000080000000, 0x0000000099580000, 0x00000000d5580000)
  object space 415232K, 97% used [0x0000000080000000,0x0000000098c41a28,0x0000000099580000)
 Metaspace       used 118718K, capacity 127912K, committed 128168K, reserved 1161216K
  class space    used 14941K, capacity 16514K, committed 16560K, reserved 1048576K
}
Event: 9371,019 GC heap before
{Heap before GC invocations=107 (full 8):
 PSYoungGen      total 508928K, used 80170K [0x00000000d5580000, 0x0000000100000000, 0x0000000100000000)
  eden space 428544K, 0% used [0x00000000d5580000,0x00000000d5580000,0x00000000ef800000)
  from space 80384K, 99% used [0x00000000ef800000,0x00000000f464ab78,0x00000000f4680000)
  to   space 140288K, 0% used [0x00000000f7700000,0x00000000f7700000,0x0000000100000000)
 ParOldGen       total 415232K, used 405766K [0x0000000080000000, 0x0000000099580000, 0x00000000d5580000)
  object space 415232K, 97% used [0x0000000080000000,0x0000000098c41a28,0x0000000099580000)
 Metaspace       used 118718K, capacity 127912K, committed 128168K, reserved 1161216K
  class space    used 14941K, capacity 16514K, committed 16560K, reserved 1048576K
Event: 9371,917 GC heap after
Heap after GC invocations=107 (full 8):
 PSYoungGen      total 508928K, used 0K [0x00000000d5580000, 0x0000000100000000, 0x0000000100000000)
  eden space 428544K, 0% used [0x00000000d5580000,0x00000000d5580000,0x00000000ef800000)
  from space 80384K, 0% used [0x00000000ef800000,0x00000000ef800000,0x00000000f4680000)
  to   space 140288K, 0% used [0x00000000f7700000,0x00000000f7700000,0x0000000100000000)
 ParOldGen       total 412160K, used 225445K [0x0000000080000000, 0x0000000099280000, 0x00000000d5580000)
  object space 412160K, 54% used [0x0000000080000000,0x000000008dc297e8,0x0000000099280000)
 Metaspace       used 114139K, capacity 122794K, committed 128168K, reserved 1161216K
  class space    used 14330K, capacity 15772K, committed 16560K, reserved 1048576K
}
Event: 9439,610 GC heap before
{Heap before GC invocations=108 (full 8):
 PSYoungGen      total 508928K, used 428544K [0x00000000d5580000, 0x0000000100000000, 0x0000000100000000)
  eden space 428544K, 100% used [0x00000000d5580000,0x00000000ef800000,0x00000000ef800000)
  from space 80384K, 0% used [0x00000000ef800000,0x00000000ef800000,0x00000000f4680000)
  to   space 140288K, 0% used [0x00000000f7700000,0x00000000f7700000,0x0000000100000000)
 ParOldGen       total 412160K, used 225445K [0x0000000080000000, 0x0000000099280000, 0x00000000d5580000)
  object space 412160K, 54% used [0x0000000080000000,0x000000008dc297e8,0x0000000099280000)
 Metaspace       used 114168K, capacity 122858K, committed 128168K, reserved 1161216K
  class space    used 14330K, capacity 15772K, committed 16560K, reserved 1048576K
Event: 9439,684 GC heap after
Heap after GC invocations=108 (full 8):
 PSYoungGen      total 567808K, used 41964K [0x00000000d5580000, 0x0000000100000000, 0x0000000100000000)
  eden space 427520K, 0% used [0x00000000d5580000,0x00000000d5580000,0x00000000ef700000)
  from space 140288K, 29% used [0x00000000f7700000,0x00000000f9ffb168,0x0000000100000000)
  to   space 131072K, 0% used [0x00000000ef700000,0x00000000ef700000,0x00000000f7700000)
 ParOldGen       total 412160K, used 225453K [0x0000000080000000, 0x0000000099280000, 0x00000000d5580000)
  object space 412160K, 54% used [0x0000000080000000,0x000000008dc2b7e8,0x0000000099280000)
 Metaspace       used 114168K, capacity 122858K, committed 128168K, reserved 1161216K
  class space    used 14330K, capacity 15772K, committed 16560K, reserved 1048576K
}
Event: 9577,832 GC heap before
{Heap before GC invocations=109 (full 8):
 PSYoungGen      total 567808K, used 469484K [0x00000000d5580000, 0x0000000100000000, 0x0000000100000000)
  eden space 427520K, 100% used [0x00000000d5580000,0x00000000ef700000,0x00000000ef700000)
  from space 140288K, 29% used [0x00000000f7700000,0x00000000f9ffb168,0x0000000100000000)
  to   space 131072K, 0% used [0x00000000ef700000,0x00000000ef700000,0x00000000f7700000)
 ParOldGen       total 412160K, used 225453K [0x0000000080000000, 0x0000000099280000, 0x00000000d5580000)
  object space 412160K, 54% used [0x0000000080000000,0x000000008dc2b7e8,0x0000000099280000)
 Metaspace       used 114231K, capacity 122858K, committed 128168K, reserved 1161216K
  class space    used 14330K, capacity 15772K, committed 16560K, reserved 1048576K
Event: 9577,849 GC heap after
Heap after GC invocations=109 (full 8):
 PSYoungGen      total 442368K, used 14602K [0x00000000d5580000, 0x00000000ff000000, 0x0000000100000000)
  eden space 427520K, 0% used [0x00000000d5580000,0x00000000d5580000,0x00000000ef700000)
  from space 14848K, 98% used [0x00000000ef700000,0x00000000f0542b18,0x00000000f0580000)
  to   space 127488K, 0% used [0x00000000f7380000,0x00000000f7380000,0x00000000ff000000)
 ParOldGen       total 412160K, used 238372K [0x0000000080000000, 0x0000000099280000, 0x00000000d5580000)
  object space 412160K, 57% used [0x0000000080000000,0x000000008e8c9040,0x0000000099280000)
 Metaspace       used 114231K, capacity 122858K, committed 128168K, reserved 1161216K
  class space    used 14330K, capacity 15772K, committed 16560K, reserved 1048576K
}

