# JRE version: OpenJDK Runtime Environment (8.0_242) (build 1.8.0_242-release-1644-b3-6222593)
# Java VM: OpenJDK 64-Bit Server VM (25.242-b3-6222593 mixed mode linux-amd64 compressed oops)
Heap:
 PSYoungGen      total 539136K, used 454538K [0x00000000d5580000, 0x00000000fcc00000, 0x0000000100000000)
  eden space 438784K, 100% used [0x00000000d5580000,0x00000000f0200000,0x00000000f0200000)
  from space 100352K, 15% used [0x00000000f6680000,0x00000000f75e2980,0x00000000fc880000)
  to   space 102912K, 10% used [0x00000000f0200000,0x00000000f0c1c148,0x00000000f6680000)
 ParOldGen       total 414720K, used 328587K [0x0000000080000000, 0x0000000099500000, 0x00000000d5580000)
  object space 414720K, 79% used [0x0000000080000000,0x00000000940e2ee0,0x0000000099500000)
 Metaspace       used 112589K, capacity 120601K, committed 121512K, reserved 1155072K
  class space    used 14223K, capacity 15564K, committed 15792K, reserved 1048576K
GC Heap History (10 events):
Event: 12451,532 GC heap after
Heap after GC invocations=63 (full 5):
 PSYoungGen      total 534528K, used 53104K [0x00000000d5580000, 0x00000000fd480000, 0x0000000100000000)
  eden space 429056K, 0% used [0x00000000d5580000,0x00000000d5580000,0x00000000ef880000)
  from space 105472K, 50% used [0x00000000f6d80000,0x00000000fa15c228,0x00000000fd480000)
  to   space 112640K, 0% used [0x00000000ef880000,0x00000000ef880000,0x00000000f6680000)
 ParOldGen       total 414720K, used 291864K [0x0000000080000000, 0x0000000099500000, 0x00000000d5580000)
  object space 414720K, 70% used [0x0000000080000000,0x0000000091d062c8,0x0000000099500000)
 Metaspace       used 112223K, capacity 120209K, committed 121256K, reserved 1155072K
  class space    used 14219K, capacity 15558K, committed 15792K, reserved 1048576K
}
Event: 13330,104 GC heap before
{Heap before GC invocations=64 (full 5):
 PSYoungGen      total 534528K, used 482160K [0x00000000d5580000, 0x00000000fd480000, 0x0000000100000000)
  eden space 429056K, 100% used [0x00000000d5580000,0x00000000ef880000,0x00000000ef880000)
  from space 105472K, 50% used [0x00000000f6d80000,0x00000000fa15c228,0x00000000fd480000)
  to   space 112640K, 0% used [0x00000000ef880000,0x00000000ef880000,0x00000000f6680000)
 ParOldGen       total 414720K, used 291864K [0x0000000080000000, 0x0000000099500000, 0x00000000d5580000)
  object space 414720K, 70% used [0x0000000080000000,0x0000000091d062c8,0x0000000099500000)
 Metaspace       used 112298K, capacity 120307K, committed 121256K, reserved 1155072K
  class space    used 14222K, capacity 15563K, committed 15792K, reserved 1048576K
Event: 13330,143 GC heap after
Heap after GC invocations=64 (full 5):
 PSYoungGen      total 541696K, used 46270K [0x00000000d5580000, 0x00000000fd500000, 0x0000000100000000)
  eden space 429056K, 0% used [0x00000000d5580000,0x00000000d5580000,0x00000000ef880000)
  from space 112640K, 41% used [0x00000000ef880000,0x00000000f25afa08,0x00000000f6680000)
  to   space 109056K, 0% used [0x00000000f6a80000,0x00000000f6a80000,0x00000000fd500000)
 ParOldGen       total 414720K, used 291864K [0x0000000080000000, 0x0000000099500000, 0x00000000d5580000)
  object space 414720K, 70% used [0x0000000080000000,0x0000000091d062c8,0x0000000099500000)
 Metaspace       used 112298K, capacity 120307K, committed 121256K, reserved 1155072K
  class space    used 14222K, capacity 15563K, committed 15792K, reserved 1048576K
}
Event: 13398,127 GC heap before
{Heap before GC invocations=65 (full 5):
 PSYoungGen      total 541696K, used 475326K [0x00000000d5580000, 0x00000000fd500000, 0x0000000100000000)
  eden space 429056K, 100% used [0x00000000d5580000,0x00000000ef880000,0x00000000ef880000)
  from space 112640K, 41% used [0x00000000ef880000,0x00000000f25afa08,0x00000000f6680000)
  to   space 109056K, 0% used [0x00000000f6a80000,0x00000000f6a80000,0x00000000fd500000)
 ParOldGen       total 414720K, used 291864K [0x0000000080000000, 0x0000000099500000, 0x00000000d5580000)
  object space 414720K, 70% used [0x0000000080000000,0x0000000091d062c8,0x0000000099500000)
 Metaspace       used 112367K, capacity 120447K, committed 121512K, reserved 1155072K
  class space    used 14222K, capacity 15563K, committed 15792K, reserved 1048576K
Event: 13398,215 GC heap after
Heap after GC invocations=65 (full 5):
 PSYoungGen      total 534528K, used 58211K [0x00000000d5580000, 0x00000000fcb00000, 0x0000000100000000)
  eden space 435712K, 0% used [0x00000000d5580000,0x00000000d5580000,0x00000000eff00000)
  from space 98816K, 58% used [0x00000000f6a80000,0x00000000fa358c18,0x00000000fcb00000)
  to   space 104448K, 0% used [0x00000000eff00000,0x00000000eff00000,0x00000000f6500000)
 ParOldGen       total 414720K, used 291872K [0x0000000080000000, 0x0000000099500000, 0x00000000d5580000)
  object space 414720K, 70% used [0x0000000080000000,0x0000000091d082c8,0x0000000099500000)
 Metaspace       used 112367K, capacity 120447K, committed 121512K, reserved 1155072K
  class space    used 14222K, capacity 15563K, committed 15792K, reserved 1048576K
}
Event: 13581,746 GC heap before
{Heap before GC invocations=66 (full 5):
 PSYoungGen      total 534528K, used 493923K [0x00000000d5580000, 0x00000000fcb00000, 0x0000000100000000)
  eden space 435712K, 100% used [0x00000000d5580000,0x00000000eff00000,0x00000000eff00000)
  from space 98816K, 58% used [0x00000000f6a80000,0x00000000fa358c18,0x00000000fcb00000)
  to   space 104448K, 0% used [0x00000000eff00000,0x00000000eff00000,0x00000000f6500000)
 ParOldGen       total 414720K, used 291872K [0x0000000080000000, 0x0000000099500000, 0x00000000d5580000)
  object space 414720K, 70% used [0x0000000080000000,0x0000000091d082c8,0x0000000099500000)
 Metaspace       used 112468K, capacity 120515K, committed 121512K, reserved 1155072K
  class space    used 14222K, capacity 15563K, committed 15792K, reserved 1048576K
Event: 13581,794 GC heap after
Heap after GC invocations=66 (full 5):
 PSYoungGen      total 540160K, used 52493K [0x00000000d5580000, 0x00000000fc880000, 0x0000000100000000)
  eden space 435712K, 0% used [0x00000000d5580000,0x00000000d5580000,0x00000000eff00000)
  from space 104448K, 50% used [0x00000000eff00000,0x00000000f3243728,0x00000000f6500000)
  to   space 100352K, 0% used [0x00000000f6680000,0x00000000f6680000,0x00000000fc880000)
 ParOldGen       total 414720K, used 291872K [0x0000000080000000, 0x0000000099500000, 0x00000000d5580000)
  object space 414720K, 70% used [0x0000000080000000,0x0000000091d082c8,0x0000000099500000)
 Metaspace       used 112468K, capacity 120515K, committed 121512K, reserved 1155072K
  class space    used 14222K, capacity 15563K, committed 15792K, reserved 1048576K
}
Event: 14635,375 GC heap before
{Heap before GC invocations=67 (full 5):
 PSYoungGen      total 540160K, used 488205K [0x00000000d5580000, 0x00000000fc880000, 0x0000000100000000)
  eden space 435712K, 100% used [0x00000000d5580000,0x00000000eff00000,0x00000000eff00000)
  from space 104448K, 50% used [0x00000000eff00000,0x00000000f3243728,0x00000000f6500000)
  to   space 100352K, 0% used [0x00000000f6680000,0x00000000f6680000,0x00000000fc880000)
 ParOldGen       total 414720K, used 291872K [0x0000000080000000, 0x0000000099500000, 0x00000000d5580000)
  object space 414720K, 70% used [0x0000000080000000,0x0000000091d082c8,0x0000000099500000)
 Metaspace       used 112506K, capacity 120521K, committed 121512K, reserved 1155072K
  class space    used 14223K, capacity 15564K, committed 15792K, reserved 1048576K
Event: 14635,426 GC heap after
Heap after GC invocations=67 (full 5):
 PSYoungGen      total 539136K, used 15754K [0x00000000d5580000, 0x00000000fcc00000, 0x0000000100000000)
  eden space 438784K, 0% used [0x00000000d5580000,0x00000000d5580000,0x00000000f0200000)
  from space 100352K, 15% used [0x00000000f6680000,0x00000000f75e2980,0x00000000fc880000)
  to   space 102912K, 0% used [0x00000000f0200000,0x00000000f0200000,0x00000000f6680000)
 ParOldGen       total 414720K, used 327723K [0x0000000080000000, 0x0000000099500000, 0x00000000d5580000)
  object space 414720K, 79% used [0x0000000080000000,0x000000009400aea0,0x0000000099500000)
 Metaspace       used 112506K, capacity 120521K, committed 121512K, reserved 1155072K
  class space    used 14223K, capacity 15564K, committed 15792K, reserved 1048576K
}
Event: 14842,505 GC heap before
{Heap before GC invocations=68 (full 5):
 PSYoungGen      total 539136K, used 454538K [0x00000000d5580000, 0x00000000fcc00000, 0x0000000100000000)
  eden space 438784K, 100% used [0x00000000d5580000,0x00000000f0200000,0x00000000f0200000)
  from space 100352K, 15% used [0x00000000f6680000,0x00000000f75e2980,0x00000000fc880000)
  to   space 102912K, 0% used [0x00000000f0200000,0x00000000f0200000,0x00000000f6680000)
 ParOldGen       total 414720K, used 327723K [0x0000000080000000, 0x0000000099500000, 0x00000000d5580000)
  object space 414720K, 79% used [0x0000000080000000,0x000000009400aea0,0x0000000099500000)
 Metaspace       used 112589K, capacity 120601K, committed 121512K, reserved 1155072K
  class space    used 14223K, capacity 15564K, committed 15792K, reserved 1048576K

