# JRE version: OpenJDK Runtime Environment (8.0_242) (build 1.8.0_242-release-1644-b3-6222593)
# Java VM: OpenJDK 64-Bit Server VM (25.242-b3-6222593 mixed mode linux-amd64 compressed oops)
Heap:
 PSYoungGen      total 212480K, used 13618K [0x00000000d5580000, 0x00000000e4d80000, 0x0000000100000000)
  eden space 196608K, 0% used [0x00000000d5580000,0x00000000d56037b0,0x00000000e1580000)
  from space 15872K, 82% used [0x00000000e3e00000,0x00000000e4ac9270,0x00000000e4d80000)
  to   space 28672K, 0% used [0x00000000e1580000,0x00000000e1580000,0x00000000e3180000)
 ParOldGen       total 394240K, used 232777K [0x0000000080000000, 0x0000000098100000, 0x00000000d5580000)
  object space 394240K, 59% used [0x0000000080000000,0x000000008e3525d0,0x0000000098100000)
 Metaspace       used 100257K, capacity 107900K, committed 107944K, reserved 1142784K
  class space    used 12683K, capacity 13990K, committed 13992K, reserved 1048576K
GC Heap History (10 events):
Event: 11905,737 GC heap before
{Heap before GC invocations=72 (full 6):
 PSYoungGen      total 224256K, used 206956K [0x00000000d5580000, 0x00000000e5480000, 0x0000000100000000)
  eden space 190464K, 100% used [0x00000000d5580000,0x00000000e0f80000,0x00000000e0f80000)
  from space 33792K, 48% used [0x00000000e0f80000,0x00000000e1f9b120,0x00000000e3080000)
  to   space 32256K, 0% used [0x00000000e3500000,0x00000000e3500000,0x00000000e5480000)
 ParOldGen       total 394240K, used 232593K [0x0000000080000000, 0x0000000098100000, 0x00000000d5580000)
  object space 394240K, 58% used [0x0000000080000000,0x000000008e3245c0,0x0000000098100000)
 Metaspace       used 100115K, capacity 107832K, committed 107944K, reserved 1142784K
  class space    used 12683K, capacity 13990K, committed 13992K, reserved 1048576K
Event: 11905,751 GC heap after
Heap after GC invocations=72 (full 6):
 PSYoungGen      total 225792K, used 11960K [0x00000000d5580000, 0x00000000e5280000, 0x0000000100000000)
  eden space 195584K, 0% used [0x00000000d5580000,0x00000000d5580000,0x00000000e1480000)
  from space 30208K, 39% used [0x00000000e3500000,0x00000000e40ae030,0x00000000e5280000)
  to   space 31744K, 0% used [0x00000000e1480000,0x00000000e1480000,0x00000000e3380000)
 ParOldGen       total 394240K, used 232617K [0x0000000080000000, 0x0000000098100000, 0x00000000d5580000)
  object space 394240K, 59% used [0x0000000080000000,0x000000008e32a5c0,0x0000000098100000)
 Metaspace       used 100115K, capacity 107832K, committed 107944K, reserved 1142784K
  class space    used 12683K, capacity 13990K, committed 13992K, reserved 1048576K
}
Event: 11906,103 GC heap before
{Heap before GC invocations=73 (full 6):
 PSYoungGen      total 225792K, used 207544K [0x00000000d5580000, 0x00000000e5280000, 0x0000000100000000)
  eden space 195584K, 100% used [0x00000000d5580000,0x00000000e1480000,0x00000000e1480000)
  from space 30208K, 39% used [0x00000000e3500000,0x00000000e40ae030,0x00000000e5280000)
  to   space 31744K, 0% used [0x00000000e1480000,0x00000000e1480000,0x00000000e3380000)
 ParOldGen       total 394240K, used 232617K [0x0000000080000000, 0x0000000098100000, 0x00000000d5580000)
  object space 394240K, 59% used [0x0000000080000000,0x000000008e32a5c0,0x0000000098100000)
 Metaspace       used 100138K, capacity 107832K, committed 107944K, reserved 1142784K
  class space    used 12683K, capacity 13990K, committed 13992K, reserved 1048576K
Event: 11906,122 GC heap after
Heap after GC invocations=73 (full 6):
 PSYoungGen      total 227328K, used 18360K [0x00000000d5580000, 0x00000000e5980000, 0x0000000100000000)
  eden space 195584K, 0% used [0x00000000d5580000,0x00000000d5580000,0x00000000e1480000)
  from space 31744K, 57% used [0x00000000e1480000,0x00000000e266e370,0x00000000e3380000)
  to   space 30720K, 0% used [0x00000000e3b80000,0x00000000e3b80000,0x00000000e5980000)
 ParOldGen       total 394240K, used 232681K [0x0000000080000000, 0x0000000098100000, 0x00000000d5580000)
  object space 394240K, 59% used [0x0000000080000000,0x000000008e33a5d0,0x0000000098100000)
 Metaspace       used 100138K, capacity 107832K, committed 107944K, reserved 1142784K
  class space    used 12683K, capacity 13990K, committed 13992K, reserved 1048576K
}
Event: 11977,333 GC heap before
{Heap before GC invocations=74 (full 6):
 PSYoungGen      total 227328K, used 213944K [0x00000000d5580000, 0x00000000e5980000, 0x0000000100000000)
  eden space 195584K, 100% used [0x00000000d5580000,0x00000000e1480000,0x00000000e1480000)
  from space 31744K, 57% used [0x00000000e1480000,0x00000000e266e370,0x00000000e3380000)
  to   space 30720K, 0% used [0x00000000e3b80000,0x00000000e3b80000,0x00000000e5980000)
 ParOldGen       total 394240K, used 232681K [0x0000000080000000, 0x0000000098100000, 0x00000000d5580000)
  object space 394240K, 59% used [0x0000000080000000,0x000000008e33a5d0,0x0000000098100000)
 Metaspace       used 100188K, capacity 107836K, committed 107944K, reserved 1142784K
  class space    used 12683K, capacity 13990K, committed 13992K, reserved 1048576K
Event: 11977,354 GC heap after
Heap after GC invocations=74 (full 6):
 PSYoungGen      total 230400K, used 18978K [0x00000000d5580000, 0x00000000e5680000, 0x0000000100000000)
  eden space 202752K, 0% used [0x00000000d5580000,0x00000000d5580000,0x00000000e1b80000)
  from space 27648K, 68% used [0x00000000e3b80000,0x00000000e4e088d0,0x00000000e5680000)
  to   space 30208K, 0% used [0x00000000e1b80000,0x00000000e1b80000,0x00000000e3900000)
 ParOldGen       total 394240K, used 232713K [0x0000000080000000, 0x0000000098100000, 0x00000000d5580000)
  object space 394240K, 59% used [0x0000000080000000,0x000000008e3425d0,0x0000000098100000)
 Metaspace       used 100188K, capacity 107836K, committed 107944K, reserved 1142784K
  class space    used 12683K, capacity 13990K, committed 13992K, reserved 1048576K
}
Event: 12305,119 GC heap before
{Heap before GC invocations=75 (full 6):
 PSYoungGen      total 230400K, used 221730K [0x00000000d5580000, 0x00000000e5680000, 0x0000000100000000)
  eden space 202752K, 100% used [0x00000000d5580000,0x00000000e1b80000,0x00000000e1b80000)
  from space 27648K, 68% used [0x00000000e3b80000,0x00000000e4e088d0,0x00000000e5680000)
  to   space 30208K, 0% used [0x00000000e1b80000,0x00000000e1b80000,0x00000000e3900000)
 ParOldGen       total 394240K, used 232713K [0x0000000080000000, 0x0000000098100000, 0x00000000d5580000)
  object space 394240K, 59% used [0x0000000080000000,0x000000008e3425d0,0x0000000098100000)
 Metaspace       used 100221K, capacity 107900K, committed 107944K, reserved 1142784K
  class space    used 12683K, capacity 13990K, committed 13992K, reserved 1048576K
Event: 12305,135 GC heap after
Heap after GC invocations=75 (full 6):
 PSYoungGen      total 232960K, used 14727K [0x00000000d5580000, 0x00000000e5a80000, 0x0000000100000000)
  eden space 202752K, 0% used [0x00000000d5580000,0x00000000d5580000,0x00000000e1b80000)
  from space 30208K, 48% used [0x00000000e1b80000,0x00000000e29e1ff0,0x00000000e3900000)
  to   space 29184K, 0% used [0x00000000e3e00000,0x00000000e3e00000,0x00000000e5a80000)
 ParOldGen       total 394240K, used 232745K [0x0000000080000000, 0x0000000098100000, 0x00000000d5580000)
  object space 394240K, 59% used [0x0000000080000000,0x000000008e34a5d0,0x0000000098100000)
 Metaspace       used 100221K, capacity 107900K, committed 107944K, reserved 1142784K
  class space    used 12683K, capacity 13990K, committed 13992K, reserved 1048576K
}
Event: 12388,244 GC heap before
{Heap before GC invocations=76 (full 6):
 PSYoungGen      total 232960K, used 217479K [0x00000000d5580000, 0x00000000e5a80000, 0x0000000100000000)
  eden space 202752K, 100% used [0x00000000d5580000,0x00000000e1b80000,0x00000000e1b80000)
  from space 30208K, 48% used [0x00000000e1b80000,0x00000000e29e1ff0,0x00000000e3900000)
  to   space 29184K, 0% used [0x00000000e3e00000,0x00000000e3e00000,0x00000000e5a80000)
 ParOldGen       total 394240K, used 232745K [0x0000000080000000, 0x0000000098100000, 0x00000000d5580000)
  object space 394240K, 59% used [0x0000000080000000,0x000000008e34a5d0,0x0000000098100000)
 Metaspace       used 100249K, capacity 107900K, committed 107944K, reserved 1142784K
  class space    used 12683K, capacity 13990K, committed 13992K, reserved 1048576K
Event: 12388,262 GC heap after
Heap after GC invocations=76 (full 6):
 PSYoungGen      total 212480K, used 13092K [0x00000000d5580000, 0x00000000e4d80000, 0x0000000100000000)
  eden space 196608K, 0% used [0x00000000d5580000,0x00000000d5580000,0x00000000e1580000)
  from space 15872K, 82% used [0x00000000e3e00000,0x00000000e4ac9270,0x00000000e4d80000)
  to   space 28672K, 0% used [0x00000000e1580000,0x00000000e1580000,0x00000000e3180000)
 ParOldGen       total 394240K, used 232777K [0x0000000080000000, 0x0000000098100000, 0x00000000d5580000)
  object space 394240K, 59% used [0x0000000080000000,0x000000008e3525d0,0x0000000098100000)
 Metaspace       used 100249K, capacity 107900K, committed 107944K, reserved 1142784K
  class space    used 12683K, capacity 13990K, committed 13992K, reserved 1048576K
}

